  Assembling JAAsm.asm...
JAAsm.asm(1): error A2044: invalid character in file
JAAsm.asm(3): error A2034: must be in segment block : ApplyLaplaceFilterAsm
JAAsm.asm(4): error A2034: must be in segment block
JAAsm.asm(5): error A2034: must be in segment block
JAAsm.asm(6): error A2034: must be in segment block
JAAsm.asm(7): error A2034: must be in segment block
JAAsm.asm(9): error A2034: must be in segment block
JAAsm.asm(10): error A2034: must be in segment block
JAAsm.asm(11): error A2034: must be in segment block
JAAsm.asm(12): error A2034: must be in segment block
JAAsm.asm(13): error A2034: must be in segment block
JAAsm.asm(14): error A2034: must be in segment block
JAAsm.asm(16): error A2034: must be in segment block
JAAsm.asm(17): error A2034: must be in segment block
JAAsm.asm(18): error A2034: must be in segment block
JAAsm.asm(21): error A2034: must be in segment block
JAAsm.asm(24): error A2034: must be in segment block
JAAsm.asm(27): error A2034: must be in segment block
JAAsm.asm(30): error A2034: must be in segment block
JAAsm.asm(33): error A2034: must be in segment block
JAAsm.asm(36): error A2034: must be in segment block
JAAsm.asm(39): error A2034: must be in segment block
JAAsm.asm(42): error A2034: must be in segment block
JAAsm.asm(45): error A2034: must be in segment block
JAAsm.asm(48): error A2034: must be in segment block
JAAsm.asm(49): error A2034: must be in segment block
JAAsm.asm(50): error A2034: must be in segment block
JAAsm.asm(51): error A2034: must be in segment block
JAAsm.asm(52): error A2034: must be in segment block
JAAsm.asm(53): error A2034: must be in segment block
JAAsm.asm(54): error A2034: must be in segment block
JAAsm.asm(57): error A2034: must be in segment block
JAAsm.asm(58): error A2034: must be in segment block
JAAsm.asm(59): error A2034: must be in segment block
JAAsm.asm(60): error A2034: must be in segment block
JAAsm.asm(61): error A2034: must be in segment block
JAAsm.asm(62): error A2034: must be in segment block
JAAsm.asm(63): error A2034: must be in segment block
JAAsm.asm(66): error A2034: must be in segment block
JAAsm.asm(67): error A2034: must be in segment block
JAAsm.asm(68): error A2034: must be in segment block
JAAsm.asm(69): error A2034: must be in segment block
JAAsm.asm(70): error A2034: must be in segment block
JAAsm.asm(73): error A2034: must be in segment block
JAAsm.asm(76): error A2034: must be in segment block
JAAsm.asm(77): error A2034: must be in segment block
JAAsm.asm(78): error A2034: must be in segment block
JAAsm.asm(80): error A2034: must be in segment block
JAAsm.asm(81): error A2034: must be in segment block
JAAsm.asm(82): error A2034: must be in segment block
JAAsm.asm(83): error A2034: must be in segment block
JAAsm.asm(84): error A2034: must be in segment block
JAAsm.asm(86): error A2034: must be in segment block
JAAsm.asm(87): fatal error A1010: unmatched block nesting : ApplyLaplaceFilterAsm
C:\Program Files\Microsoft Visual Studio\2022\Community\MSBuild\Microsoft\VC\v170\BuildCustomizations\masm.targets(70,5): error MSB3721: Polecenie ml.exe /c /nologo /Zi /Fo"Release\JAAsm.obj" /W3 /errorReport:prompt  /TaJAAsm.asm zostało zakończone; kod błędu: 1.
