c:\users\badim\desktop\lapacefiltration\jacpp\x64\debug\jacpp.pch
c:\users\badim\desktop\lapacefiltration\jacpp\x64\debug\vc143.pdb
c:\users\badim\desktop\lapacefiltration\jacpp\x64\debug\vc143.idb
c:\users\badim\desktop\lapacefiltration\jacpp\x64\debug\pch.obj
c:\users\badim\desktop\lapacefiltration\jacpp\x64\debug\fun.obj
c:\users\badim\desktop\lapacefiltration\jacpp\x64\debug\dllmain.obj
c:\users\badim\desktop\lapacefiltration\lapacefiltration\x64\debug\jacpp.lib
c:\users\badim\desktop\lapacefiltration\lapacefiltration\x64\debug\jacpp.exp
c:\users\badim\desktop\lapacefiltration\lapacefiltration\x64\debug\jacpp.dll
c:\users\badim\desktop\lapacefiltration\lapacefiltration\x64\debug\jacpp.pdb
c:\users\badim\desktop\lapacefiltration\jacpp\x64\debug\jacpp.ilk
c:\users\badim\desktop\lapacefiltration\jacpp\x64\debug\fun.obj.enc
c:\users\badim\desktop\lapacefiltration\jacpp\x64\debug\jacpp.tlog\cl.command.1.tlog
c:\users\badim\desktop\lapacefiltration\jacpp\x64\debug\jacpp.tlog\cl.items.tlog
c:\users\badim\desktop\lapacefiltration\jacpp\x64\debug\jacpp.tlog\cl.read.1.tlog
c:\users\badim\desktop\lapacefiltration\jacpp\x64\debug\jacpp.tlog\cl.write.1.tlog
c:\users\badim\desktop\lapacefiltration\jacpp\x64\debug\jacpp.tlog\jacpp.write.1u.tlog
c:\users\badim\desktop\lapacefiltration\jacpp\x64\debug\jacpp.tlog\link.command.1.tlog
c:\users\badim\desktop\lapacefiltration\jacpp\x64\debug\jacpp.tlog\link.read.1.tlog
c:\users\badim\desktop\lapacefiltration\jacpp\x64\debug\jacpp.tlog\link.secondary.1.tlog
c:\users\badim\desktop\lapacefiltration\jacpp\x64\debug\jacpp.tlog\link.write.1.tlog
